#! /usr/bin/vvp
:ivl_version "0.9.7 " "(v0_9_7)";
:vpi_time_precision + 0;
:vpi_module "system";
:vpi_module "v2005_math";
:vpi_module "va_math";
S_0x2124810 .scope module, "test" "test" 2 2;
 .timescale 0 0;
v0x2135bb0_0 .var "CLK", 0 0;
v0x2135c60_0 .var "D", 0 0;
v0x2135d10_0 .net "Q", 0 0, L_0x2136270; 1 drivers
v0x2135de0_0 .var "RST", 0 0;
S_0x2124900 .scope module, "myD" "dFlipFlop" 2 7, 2 34, S_0x2124810;
 .timescale 0 0;
L_0x2135e90 .functor NOT 1, v0x2135c60_0, C4<0>, C4<0>, C4<0>;
L_0x2135f70 .functor AND 1, L_0x2135e90, v0x2135bb0_0, C4<1>, C4<1>;
L_0x2136070 .functor AND 1, v0x2135c60_0, v0x2135bb0_0, C4<1>, C4<1>;
L_0x2136120 .functor OR 1, L_0x2135f70, v0x2135de0_0, C4<0>, C4<0>;
v0x2135610_0 .net "clk", 0 0, v0x2135bb0_0; 1 drivers
v0x21356d0_0 .net "d", 0 0, v0x2135c60_0; 1 drivers
v0x2135770_0 .net "notD", 0 0, L_0x2135e90; 1 drivers
v0x2135810_0 .alias "q", 0 0, v0x2135d10_0;
v0x21358f0_0 .net "r", 0 0, L_0x2135f70; 1 drivers
v0x2135970_0 .net "rWithReset", 0 0, L_0x2136120; 1 drivers
v0x2135a30_0 .net "reset", 0 0, v0x2135de0_0; 1 drivers
v0x2135ab0_0 .net "s", 0 0, L_0x2136070; 1 drivers
S_0x2126090 .scope module, "sr" "sr_latch" 2 45, 2 51, S_0x2124900;
 .timescale 0 0;
L_0x2136270 .functor NOR 1, L_0x2136120, L_0x21362d0, C4<0>, C4<0>;
L_0x21362d0 .functor NOR 1, L_0x2136070, L_0x2136270, C4<0>, C4<0>;
v0x2126180_0 .alias "q", 0 0, v0x2135d10_0;
v0x2135420_0 .net "qBar", 0 0, L_0x21362d0; 1 drivers
v0x21354c0_0 .alias "r", 0 0, v0x2135970_0;
v0x2135560_0 .alias "s", 0 0, v0x2135ab0_0;
    .scope S_0x2124810;
T_0 ;
    %set/v v0x2135bb0_0, 1, 1;
    %set/v v0x2135c60_0, 0, 1;
    %set/v v0x2135de0_0, 1, 1;
    %vpi_call 2 15 "$dumpfile", "D.vcd";
    %vpi_call 2 16 "$dumpvars", 1'sb0, S_0x2124900;
    %delay 1, 0;
    %set/v v0x2135c60_0, 1, 1;
    %delay 3, 0;
    %set/v v0x2135de0_0, 0, 1;
    %delay 8, 0;
    %set/v v0x2135c60_0, 0, 1;
    %delay 6, 0;
    %set/v v0x2135c60_0, 1, 1;
    %delay 2, 0;
    %set/v v0x2135c60_0, 0, 1;
    %delay 6, 0;
    %set/v v0x2135c60_0, 1, 1;
    %delay 5, 0;
    %set/v v0x2135c60_0, 0, 1;
    %delay 6, 0;
    %set/v v0x2135c60_0, 1, 1;
    %delay 10, 0;
    %set/v v0x2135de0_0, 1, 1;
    %delay 10, 0;
    %vpi_call 2 27 "$finish";
    %end;
    .thread T_0;
# The file index is used to find the file name in the following table.
:file_names 3;
    "N/A";
    "<interactive>";
    "d.v";
